mode: set
github.com/netobserv/goflow2-kube-enricher/pkg/format/netflow/netflow.go:21.74,25.12 3 0
github.com/netobserv/goflow2-kube-enricher/pkg/format/netflow/netflow.go:43.2,43.12 1 0
github.com/netobserv/goflow2-kube-enricher/pkg/format/netflow/netflow.go:25.12,29.17 3 0
github.com/netobserv/goflow2-kube-enricher/pkg/format/netflow/netflow.go:33.3,39.17 3 0
github.com/netobserv/goflow2-kube-enricher/pkg/format/netflow/netflow.go:29.17,31.4 1 0
github.com/netobserv/goflow2-kube-enricher/pkg/format/netflow/netflow.go:46.58,49.2 2 0
github.com/netobserv/goflow2-kube-enricher/pkg/format/netflow/wrapper.go:14.66,17.2 2 1
github.com/netobserv/goflow2-kube-enricher/pkg/format/netflow/wrapper.go:19.57,22.16 3 1
github.com/netobserv/goflow2-kube-enricher/pkg/format/netflow/wrapper.go:25.2,26.16 2 1
github.com/netobserv/goflow2-kube-enricher/pkg/format/netflow/wrapper.go:29.2,29.12 1 1
github.com/netobserv/goflow2-kube-enricher/pkg/format/netflow/wrapper.go:22.16,24.3 1 1
github.com/netobserv/goflow2-kube-enricher/pkg/format/netflow/wrapper.go:26.16,28.3 1 1
github.com/netobserv/goflow2-kube-enricher/pkg/reader/reader.go:24.121,29.48 4 0
github.com/netobserv/goflow2-kube-enricher/pkg/reader/reader.go:32.2,34.46 3 0
github.com/netobserv/goflow2-kube-enricher/pkg/reader/reader.go:38.2,43.3 1 0
github.com/netobserv/goflow2-kube-enricher/pkg/reader/reader.go:29.48,31.3 1 0
github.com/netobserv/goflow2-kube-enricher/pkg/reader/reader.go:34.46,36.3 1 0
github.com/netobserv/goflow2-kube-enricher/pkg/reader/reader.go:46.26,47.6 1 0
github.com/netobserv/goflow2-kube-enricher/pkg/reader/reader.go:47.6,49.17 2 0
github.com/netobserv/goflow2-kube-enricher/pkg/reader/reader.go:53.3,53.20 1 0
github.com/netobserv/goflow2-kube-enricher/pkg/reader/reader.go:56.3,57.17 2 0
github.com/netobserv/goflow2-kube-enricher/pkg/reader/reader.go:49.17,52.4 2 0
github.com/netobserv/goflow2-kube-enricher/pkg/reader/reader.go:53.20,55.4 1 0
github.com/netobserv/goflow2-kube-enricher/pkg/reader/reader.go:57.17,59.4 1 0
github.com/netobserv/goflow2-kube-enricher/pkg/reader/reader.go:59.9,61.4 1 0
github.com/netobserv/goflow2-kube-enricher/pkg/reader/reader.go:70.62,73.2 2 0
github.com/netobserv/goflow2-kube-enricher/pkg/reader/reader.go:75.72,76.37 1 1
github.com/netobserv/goflow2-kube-enricher/pkg/reader/reader.go:95.2,95.29 1 1
github.com/netobserv/goflow2-kube-enricher/pkg/reader/reader.go:76.37,78.10 2 1
github.com/netobserv/goflow2-kube-enricher/pkg/reader/reader.go:82.3,83.10 2 1
github.com/netobserv/goflow2-kube-enricher/pkg/reader/reader.go:87.3,87.49 1 1
github.com/netobserv/goflow2-kube-enricher/pkg/reader/reader.go:78.10,80.12 2 0
github.com/netobserv/goflow2-kube-enricher/pkg/reader/reader.go:83.10,85.12 2 0
github.com/netobserv/goflow2-kube-enricher/pkg/reader/reader.go:87.49,89.4 1 1
github.com/netobserv/goflow2-kube-enricher/pkg/reader/reader.go:89.9,92.4 1 1
github.com/netobserv/goflow2-kube-enricher/pkg/reader/reader.go:98.97,99.52 1 1
github.com/netobserv/goflow2-kube-enricher/pkg/reader/reader.go:99.52,101.3 1 1
github.com/netobserv/goflow2-kube-enricher/pkg/reader/reader.go:101.8,103.3 1 1
github.com/netobserv/goflow2-kube-enricher/pkg/reader/reader.go:106.95,109.34 3 1
github.com/netobserv/goflow2-kube-enricher/pkg/reader/reader.go:128.2,128.23 1 1
github.com/netobserv/goflow2-kube-enricher/pkg/reader/reader.go:109.34,112.31 3 1
github.com/netobserv/goflow2-kube-enricher/pkg/reader/reader.go:123.3,123.73 1 1
github.com/netobserv/goflow2-kube-enricher/pkg/reader/reader.go:112.31,114.72 1 1
github.com/netobserv/goflow2-kube-enricher/pkg/reader/reader.go:114.72,115.36 1 1
github.com/netobserv/goflow2-kube-enricher/pkg/reader/reader.go:115.36,118.6 2 1
github.com/netobserv/goflow2-kube-enricher/pkg/reader/reader.go:119.10,121.5 1 0
github.com/netobserv/goflow2-kube-enricher/pkg/reader/reader.go:124.8,127.3 1 1
github.com/netobserv/goflow2-kube-enricher/pkg/reader/reader.go:128.23,130.3 1 0
github.com/netobserv/goflow2-kube-enricher/pkg/reader/reader.go:133.146,134.14 1 1
github.com/netobserv/goflow2-kube-enricher/pkg/reader/reader.go:143.2,143.17 1 1
github.com/netobserv/goflow2-kube-enricher/pkg/reader/reader.go:134.14,136.29 2 0
github.com/netobserv/goflow2-kube-enricher/pkg/reader/reader.go:139.3,141.36 3 0
github.com/netobserv/goflow2-kube-enricher/pkg/reader/reader.go:136.29,138.4 1 0
github.com/netobserv/goflow2-kube-enricher/pkg/reader/reader.go:146.79,150.2 3 1
github.com/netobserv/goflow2-kube-enricher/pkg/reader/reader.go:152.87,155.14 3 1
github.com/netobserv/goflow2-kube-enricher/pkg/reader/reader.go:155.14,157.3 1 1
